<?xml version="1.0" encoding="UTF-8"?>
<testsuite name="com.textilia.candidatetest.webapp.database.IClothingSaveCommandTest" tests="1" skipped="0" failures="0" errors="0" timestamp="2024-01-31T22:30:05" hostname="DESKTOP-CP2GGUO" time="0.012">
  <properties/>
  <testcase name="testSave()" classname="com.textilia.candidatetest.webapp.database.IClothingSaveCommandTest" time="0.012"/>
  <system-out><![CDATA[]]></system-out>
  <system-err><![CDATA[]]></system-err>
</testsuite>
